0 info it worked if it ends with ok
1 verbose cli [ 'node', '/Users/a12526/.nodebrew/current/bin/npm', 'start' ]
2 info using npm@3.4.1
3 info using node@v0.12.7
4 verbose node symlink /Users/a12526/.nodebrew/current/bin/node
5 verbose run-script [ 'prestart', 'start', 'poststart' ]
6 info lifecycle ragdoll@1.0.0~prestart: ragdoll@1.0.0
7 silly lifecycle ragdoll@1.0.0~prestart: no script for prestart, continuing
8 info lifecycle ragdoll@1.0.0~start: ragdoll@1.0.0
9 verbose lifecycle ragdoll@1.0.0~start: unsafe-perm in lifecycle true
10 verbose lifecycle ragdoll@1.0.0~start: PATH: /Users/a12526/.nodebrew/node/v0.12.7/lib/node_modules/npm/bin/node-gyp-bin:/Users/a12526/work/github/ragdoll/node_modules/.bin:/Users/a12526/.rbenv/shims:/Users/a12526/.nodebrew/current/bin:/Users/a12526/.nodebrew/current/bin:/usr/local/bin:/usr/bin:/bin:/usr/sbin:/sbin:/Users/a12526/.aeromock/applications/current
11 verbose lifecycle ragdoll@1.0.0~start: CWD: /Users/a12526/work/github/ragdoll
12 silly lifecycle ragdoll@1.0.0~start: Args: [ '-c',
12 silly lifecycle   'webpack-dev-server --hot --inline --progress --colors' ]
13 silly lifecycle ragdoll@1.0.0~start: Returned: code: 1  signal: null
14 info lifecycle ragdoll@1.0.0~start: Failed to exec start script
15 verbose stack Error: ragdoll@1.0.0 start: `webpack-dev-server --hot --inline --progress --colors`
15 verbose stack Exit status 1
15 verbose stack     at EventEmitter.<anonymous> (/Users/a12526/.nodebrew/node/v0.12.7/lib/node_modules/npm/lib/utils/lifecycle.js:232:16)
15 verbose stack     at EventEmitter.emit (events.js:110:17)
15 verbose stack     at ChildProcess.<anonymous> (/Users/a12526/.nodebrew/node/v0.12.7/lib/node_modules/npm/lib/utils/spawn.js:24:14)
15 verbose stack     at ChildProcess.emit (events.js:110:17)
15 verbose stack     at maybeClose (child_process.js:1015:16)
15 verbose stack     at Process.ChildProcess._handle.onexit (child_process.js:1087:5)
16 verbose pkgid ragdoll@1.0.0
17 verbose cwd /Users/a12526/work/github/ragdoll
18 error Darwin 14.5.0
19 error argv "node" "/Users/a12526/.nodebrew/current/bin/npm" "start"
20 error node v0.12.7
21 error npm  v3.4.1
22 error code ELIFECYCLE
23 error ragdoll@1.0.0 start: `webpack-dev-server --hot --inline --progress --colors`
23 error Exit status 1
24 error Failed at the ragdoll@1.0.0 start script 'webpack-dev-server --hot --inline --progress --colors'.
24 error Make sure you have the latest version of node.js and npm installed.
24 error If you do, this is most likely a problem with the ragdoll package,
24 error not with npm itself.
24 error Tell the author that this fails on your system:
24 error     webpack-dev-server --hot --inline --progress --colors
24 error You can get their info via:
24 error     npm owner ls ragdoll
24 error There is likely additional logging output above.
25 verbose exit [ 1, true ]
